<?xml version="1.0" encoding="UTF-8"?>
<!-- Generated by org.testng.reporters.JUnitXMLReporter -->
<testsuite ignored="1" hostname="Siddhesh-PC" failures="0" tests="1" name="Surefire test" time="1.925" errors="0" timestamp="2025-04-30T23:32:58 IST">
  <testcase classname="testcases.ProductTests" name="getSingleProductById" time="1.474"/>
  <testcase classname="testcases.ProductTests" name="testGetAllProducts" time="0.0">
    <ignored/>
  </testcase> <!-- testGetAllProducts -->
</testsuite> <!-- Surefire test -->
