<?xml version="1.0" encoding="UTF-8"?>
<testng-results ignored="0" total="30" passed="30" failed="0" skipped="0">
  <reporter-output>
  </reporter-output>
  <suite started-at="2025-05-04T17:59:18 IST" name="Fake Store API Test Suite" finished-at="2025-05-04T17:59:39 IST" duration-ms="21147">
    <groups>
    </groups>
    <test started-at="2025-05-04T17:59:18 IST" name="Product Tests" finished-at="2025-05-04T17:59:26 IST" duration-ms="8020">
      <class name="testcases.ProductTests">
        <test-method is-config="true" signature="setup()[pri:0, instance:testcases.ProductTests@3ba987b8]" started-at="2025-05-04T17:59:18 IST" name="setup" finished-at="2025-05-04T17:59:19 IST" duration-ms="245" status="PASS">
          <reporter-output>
          </reporter-output>
        </test-method> <!-- setup -->
        <test-method signature="testGetAllProducts()[pri:0, instance:testcases.ProductTests@3ba987b8]" started-at="2025-05-04T17:59:19 IST" name="testGetAllProducts" finished-at="2025-05-04T17:59:21 IST" duration-ms="2145" status="PASS">
          <reporter-output>
          </reporter-output>
        </test-method> <!-- testGetAllProducts -->
        <test-method signature="testGetSingleProductById()[pri:1, instance:testcases.ProductTests@3ba987b8]" started-at="2025-05-04T17:59:21 IST" name="testGetSingleProductById" finished-at="2025-05-04T17:59:21 IST" duration-ms="545" status="PASS">
          <reporter-output>
          </reporter-output>
        </test-method> <!-- testGetSingleProductById -->
        <test-method signature="testGetLimitedProducts()[pri:2, instance:testcases.ProductTests@3ba987b8]" started-at="2025-05-04T17:59:21 IST" name="testGetLimitedProducts" finished-at="2025-05-04T17:59:22 IST" duration-ms="516" status="PASS">
          <reporter-output>
          </reporter-output>
        </test-method> <!-- testGetLimitedProducts -->
        <test-method signature="testGetSortedProductsDesceding()[pri:3, instance:testcases.ProductTests@3ba987b8]" started-at="2025-05-04T17:59:22 IST" name="testGetSortedProductsDesceding" finished-at="2025-05-04T17:59:22 IST" duration-ms="536" status="PASS">
          <reporter-output>
          </reporter-output>
        </test-method> <!-- testGetSortedProductsDesceding -->
        <test-method signature="testGetSortedProductsAscending()[pri:4, instance:testcases.ProductTests@3ba987b8]" started-at="2025-05-04T17:59:22 IST" name="testGetSortedProductsAscending" finished-at="2025-05-04T17:59:23 IST" duration-ms="523" status="PASS">
          <reporter-output>
          </reporter-output>
        </test-method> <!-- testGetSortedProductsAscending -->
        <test-method signature="testGetAllCategories()[pri:5, instance:testcases.ProductTests@3ba987b8]" started-at="2025-05-04T17:59:23 IST" name="testGetAllCategories" finished-at="2025-05-04T17:59:23 IST" duration-ms="510" status="PASS">
          <reporter-output>
          </reporter-output>
        </test-method> <!-- testGetAllCategories -->
        <test-method signature="testProductsByCategory()[pri:6, instance:testcases.ProductTests@3ba987b8]" started-at="2025-05-04T17:59:23 IST" name="testProductsByCategory" finished-at="2025-05-04T17:59:24 IST" duration-ms="757" status="PASS">
          <reporter-output>
          </reporter-output>
        </test-method> <!-- testProductsByCategory -->
        <test-method signature="testAddNewProduct()[pri:7, instance:testcases.ProductTests@3ba987b8]" started-at="2025-05-04T17:59:24 IST" name="testAddNewProduct" finished-at="2025-05-04T17:59:25 IST" duration-ms="863" status="PASS">
          <reporter-output>
          </reporter-output>
        </test-method> <!-- testAddNewProduct -->
        <test-method signature="testUpdateProduct()[pri:8, instance:testcases.ProductTests@3ba987b8]" started-at="2025-05-04T17:59:25 IST" name="testUpdateProduct" finished-at="2025-05-04T17:59:26 IST" duration-ms="506" status="PASS">
          <reporter-output>
          </reporter-output>
        </test-method> <!-- testUpdateProduct -->
        <test-method signature="testDeleteProduct()[pri:9, instance:testcases.ProductTests@3ba987b8]" started-at="2025-05-04T17:59:26 IST" name="testDeleteProduct" finished-at="2025-05-04T17:59:26 IST" duration-ms="609" status="PASS">
          <reporter-output>
          </reporter-output>
        </test-method> <!-- testDeleteProduct -->
      </class> <!-- testcases.ProductTests -->
    </test> <!-- Product Tests -->
    <test started-at="2025-05-04T17:59:27 IST" name="Users Test" finished-at="2025-05-04T17:59:32 IST" duration-ms="5059">
      <class name="testcases.UsersTest">
        <test-method signature="getAllUsers()[pri:0, instance:testcases.UsersTest@514646ef]" started-at="2025-05-04T17:59:27 IST" name="getAllUsers" finished-at="2025-05-04T17:59:27 IST" duration-ms="623" status="PASS">
          <reporter-output>
          </reporter-output>
        </test-method> <!-- getAllUsers -->
        <test-method is-config="true" signature="setup()[pri:0, instance:testcases.UsersTest@514646ef]" started-at="2025-05-04T17:59:27 IST" name="setup" finished-at="2025-05-04T17:59:27 IST" duration-ms="0" status="PASS">
          <reporter-output>
          </reporter-output>
        </test-method> <!-- setup -->
        <test-method signature="testCreateUser()[pri:0, instance:testcases.UsersTest@514646ef]" started-at="2025-05-04T17:59:27 IST" name="testCreateUser" finished-at="2025-05-04T17:59:28 IST" duration-ms="777" status="PASS">
          <reporter-output>
          </reporter-output>
        </test-method> <!-- testCreateUser -->
        <test-method signature="testDeleteUser()[pri:0, instance:testcases.UsersTest@514646ef]" started-at="2025-05-04T17:59:28 IST" name="testDeleteUser" finished-at="2025-05-04T17:59:29 IST" duration-ms="600" status="PASS">
          <reporter-output>
          </reporter-output>
        </test-method> <!-- testDeleteUser -->
        <test-method signature="testUpdateUser()[pri:0, instance:testcases.UsersTest@514646ef]" started-at="2025-05-04T17:59:29 IST" name="testUpdateUser" finished-at="2025-05-04T17:59:29 IST" duration-ms="508" status="PASS">
          <reporter-output>
          </reporter-output>
        </test-method> <!-- testUpdateUser -->
        <test-method signature="getUsersById()[pri:1, instance:testcases.UsersTest@514646ef]" started-at="2025-05-04T17:59:29 IST" name="getUsersById" finished-at="2025-05-04T17:59:30 IST" duration-ms="604" status="PASS">
          <reporter-output>
          </reporter-output>
        </test-method> <!-- getUsersById -->
        <test-method signature="getUsersWithLimit()[pri:2, instance:testcases.UsersTest@514646ef]" started-at="2025-05-04T17:59:30 IST" name="getUsersWithLimit" finished-at="2025-05-04T17:59:30 IST" duration-ms="644" status="PASS">
          <reporter-output>
          </reporter-output>
        </test-method> <!-- getUsersWithLimit -->
        <test-method signature="getUsersInDescendingOrder()[pri:3, instance:testcases.UsersTest@514646ef]" started-at="2025-05-04T17:59:30 IST" name="getUsersInDescendingOrder" finished-at="2025-05-04T17:59:31 IST" duration-ms="656" status="PASS">
          <reporter-output>
          </reporter-output>
        </test-method> <!-- getUsersInDescendingOrder -->
        <test-method signature="getUsersInAscendingOrder()[pri:4, instance:testcases.UsersTest@514646ef]" started-at="2025-05-04T17:59:31 IST" name="getUsersInAscendingOrder" finished-at="2025-05-04T17:59:32 IST" duration-ms="630" status="PASS">
          <reporter-output>
          </reporter-output>
        </test-method> <!-- getUsersInAscendingOrder -->
      </class> <!-- testcases.UsersTest -->
    </test> <!-- Users Test -->
    <test started-at="2025-05-04T17:59:32 IST" name="Cart Test" finished-at="2025-05-04T17:59:38 IST" duration-ms="6096">
      <class name="testcases.CartTests">
        <test-method is-config="true" signature="setup()[pri:0, instance:testcases.CartTests@1972e513]" started-at="2025-05-04T17:59:32 IST" name="setup" finished-at="2025-05-04T17:59:32 IST" duration-ms="2" status="PASS">
          <reporter-output>
          </reporter-output>
        </test-method> <!-- setup -->
        <test-method signature="DeleteCart()[pri:0, instance:testcases.CartTests@1972e513]" started-at="2025-05-04T17:59:32 IST" name="DeleteCart" finished-at="2025-05-04T17:59:32 IST" duration-ms="604" status="PASS">
          <reporter-output>
          </reporter-output>
        </test-method> <!-- DeleteCart -->
        <test-method signature="createCart()[pri:0, instance:testcases.CartTests@1972e513]" started-at="2025-05-04T17:59:32 IST" name="createCart" finished-at="2025-05-04T17:59:33 IST" duration-ms="519" status="PASS">
          <reporter-output>
          </reporter-output>
        </test-method> <!-- createCart -->
        <test-method signature="getAllCarts()[pri:0, instance:testcases.CartTests@1972e513]" started-at="2025-05-04T17:59:33 IST" name="getAllCarts" finished-at="2025-05-04T17:59:34 IST" duration-ms="623" status="PASS">
          <reporter-output>
          </reporter-output>
        </test-method> <!-- getAllCarts -->
        <test-method signature="getCartByDates()[pri:0, instance:testcases.CartTests@1972e513]" started-at="2025-05-04T17:59:34 IST" name="getCartByDates" finished-at="2025-05-04T17:59:34 IST" duration-ms="640" status="PASS">
          <reporter-output>
          </reporter-output>
        </test-method> <!-- getCartByDates -->
        <test-method signature="getCartById()[pri:0, instance:testcases.CartTests@1972e513]" started-at="2025-05-04T17:59:34 IST" name="getCartById" finished-at="2025-05-04T17:59:35 IST" duration-ms="600" status="PASS">
          <reporter-output>
          </reporter-output>
        </test-method> <!-- getCartById -->
        <test-method signature="getCartsSortedAscending()[pri:0, instance:testcases.CartTests@1972e513]" started-at="2025-05-04T17:59:35 IST" name="getCartsSortedAscending" finished-at="2025-05-04T17:59:35 IST" duration-ms="637" status="PASS">
          <reporter-output>
          </reporter-output>
        </test-method> <!-- getCartsSortedAscending -->
        <test-method signature="getCartsSortedDesceding()[pri:0, instance:testcases.CartTests@1972e513]" started-at="2025-05-04T17:59:35 IST" name="getCartsSortedDesceding" finished-at="2025-05-04T17:59:36 IST" duration-ms="701" status="PASS">
          <reporter-output>
          </reporter-output>
        </test-method> <!-- getCartsSortedDesceding -->
        <test-method signature="getUserCartById()[pri:0, instance:testcases.CartTests@1972e513]" started-at="2025-05-04T17:59:36 IST" name="getUserCartById" finished-at="2025-05-04T17:59:37 IST" duration-ms="631" status="PASS">
          <reporter-output>
          </reporter-output>
        </test-method> <!-- getUserCartById -->
        <test-method signature="getUserCartByLimit()[pri:0, instance:testcases.CartTests@1972e513]" started-at="2025-05-04T17:59:37 IST" name="getUserCartByLimit" finished-at="2025-05-04T17:59:37 IST" duration-ms="617" status="PASS">
          <reporter-output>
          </reporter-output>
        </test-method> <!-- getUserCartByLimit -->
        <test-method signature="updateCart()[pri:0, instance:testcases.CartTests@1972e513]" started-at="2025-05-04T17:59:37 IST" name="updateCart" finished-at="2025-05-04T17:59:38 IST" duration-ms="501" status="PASS">
          <reporter-output>
          </reporter-output>
        </test-method> <!-- updateCart -->
      </class> <!-- testcases.CartTests -->
    </test> <!-- Cart Test -->
    <test started-at="2025-05-04T17:59:38 IST" name="Login Test" finished-at="2025-05-04T17:59:39 IST" duration-ms="1394">
      <class name="testcases.LoginTestcases">
        <test-method is-config="true" signature="setup()[pri:0, instance:testcases.LoginTestcases@6f10d5b6]" started-at="2025-05-04T17:59:38 IST" name="setup" finished-at="2025-05-04T17:59:38 IST" duration-ms="0" status="PASS">
          <reporter-output>
          </reporter-output>
        </test-method> <!-- setup -->
        <test-method signature="testLoginWithInValidCreds()[pri:0, instance:testcases.LoginTestcases@6f10d5b6]" started-at="2025-05-04T17:59:38 IST" name="testLoginWithInValidCreds" finished-at="2025-05-04T17:59:39 IST" duration-ms="726" status="PASS">
          <reporter-output>
          </reporter-output>
        </test-method> <!-- testLoginWithInValidCreds -->
        <test-method signature="testLoginWithValidCreds()[pri:0, instance:testcases.LoginTestcases@6f10d5b6]" started-at="2025-05-04T17:59:39 IST" name="testLoginWithValidCreds" finished-at="2025-05-04T17:59:39 IST" duration-ms="662" status="PASS">
          <reporter-output>
          </reporter-output>
        </test-method> <!-- testLoginWithValidCreds -->
      </class> <!-- testcases.LoginTestcases -->
    </test> <!-- Login Test -->
  </suite> <!-- Fake Store API Test Suite -->
</testng-results>
