<?xml version="1.0" encoding="UTF-8"?>
<testng-results ignored="0" total="1" passed="1" failed="0" skipped="0">
  <reporter-output>
  </reporter-output>
  <suite started-at="2025-04-30T22:42:09 IST" name="Surefire suite" finished-at="2025-04-30T22:42:11 IST" duration-ms="2434">
    <groups>
    </groups>
    <test started-at="2025-04-30T22:42:09 IST" name="Surefire test" finished-at="2025-04-30T22:42:11 IST" duration-ms="2434">
      <class name="testcases.ProductTests">
        <test-method is-config="true" signature="setup()[pri:0, instance:testcases.ProductTests@485966cc]" started-at="2025-04-30T22:42:09 IST" name="setup" finished-at="2025-04-30T22:42:09 IST" duration-ms="286" status="PASS">
          <reporter-output>
          </reporter-output>
        </test-method> <!-- setup -->
        <test-method signature="testGetAllProducts()[pri:0, instance:testcases.ProductTests@485966cc]" started-at="2025-04-30T22:42:09 IST" name="testGetAllProducts" finished-at="2025-04-30T22:42:11 IST" duration-ms="2018" status="PASS">
          <reporter-output>
          </reporter-output>
        </test-method> <!-- testGetAllProducts -->
      </class> <!-- testcases.ProductTests -->
    </test> <!-- Surefire test -->
  </suite> <!-- Surefire suite -->
</testng-results>
